#
# A fatal error has been detected by the Java Runtime Environment:
#
#  EXCEPTION_ACCESS_VIOLATION (0xc0000005) at pc=0x00007ffebfd96635, pid=13352, tid=0x0000000000000c04
#
# JRE version: Java(TM) SE Runtime Environment (8.0_201-b09) (build 1.8.0_201-b09)
# Java VM: Java HotSpot(TM) 64-Bit Server VM (25.201-b09 mixed mode windows-amd64 compressed oops)
# Problematic frame:
# C  [glfw.dll+0x6635]
#
# Failed to write core dump. Minidumps are not enabled by default on client versions of Windows
#
# If you would like to submit a bug report, please visit:
#   http://bugreport.java.com/bugreport/crash.jsp
# The crash happened outside the Java Virtual Machine in native code.
# See problematic frame for where to report the bug.
#

---------------  T H R E A D  ---------------

Current thread (0x0000000002512800):  JavaThread "main" [_thread_in_native, id=3076, stack(0x0000000002330000,0x0000000002430000)]

siginfo: ExceptionCode=0xc0000005, reading address 0x0000000000000041

Registers:
RAX=0x00007ffeaaf91f20, RBX=0x0000000016e99e40, RCX=0x0000000000000001, RDX=0x000000000242efc0
RSP=0x000000000242ef28, RBP=0x000000000242efb0, RSI=0x0000000010200021, RDI=0x000000000261835d
R8 =0x00007ffebfd96620, R9 =0x0000000000000001, R10=0x0000000002628c3b, R11=0x00000000519ccd40
R12=0x0000000000000000, R13=0x0000000016e99e40, R14=0x000000000242efe8, R15=0x0000000002512800
RIP=0x00007ffebfd96635, EFLAGS=0x0000000000010202

Top of Stack: (sp=0x000000000242ef28)
0x000000000242ef28:   0000000002628c67 00000001000a5c88
0x000000000242ef38:   0000000002512800 0000000016e8d8f8
0x000000000242ef48:   0000000002512800 0000002b00000019
0x000000000242ef58:   0000000016e8d8f8 0000000002512800
0x000000000242ef68:   0000000002512800 000000000242ef70
0x000000000242ef78:   0000000000000000 000000000242efe8
0x000000000242ef88:   0000000016ec0e90 0000000000000000
0x000000000242ef98:   0000000016e99e40 0000000000000000
0x000000000242efa8:   000000000242efd0 000000000242f030
0x000000000242efb8:   000000000261835d 00000000d6ad6a98
0x000000000242efc8:   00000000026221d8 0000000000000001
0x000000000242efd8:   0000000002617e70 00007ffebfd96620
0x000000000242efe8:   0000000000000001 000000000242eff0
0x000000000242eff8:   0000000016cfa9c9 000000000242f058
0x000000000242f008:   0000000016d040f8 0000000000000000
0x000000000242f018:   0000000016cfa9f8 000000000242efd0 

Instructions: (pc=0x00007ffebfd96635)
0x00007ffebfd96615:   e9 06 4a 00 00 cc cc cc cc cc cc 83 3d e9 d3 04
0x00007ffebfd96625:   00 00 75 0c 33 d2 b9 01 00 01 00 e9 6b b6 ff ff
0x00007ffebfd96635:   48 83 79 40 00 0f 84 00 4a 00 00 c3 cc cc cc cc
0x00007ffebfd96645:   cc cc cc cc cc cc cc cc cc cc cc 83 3d b9 d3 04 


Register to memory mapping:

RAX=0x00007ffeaaf91f20 is an unknown value
RBX={method} {0x0000000016e99e48} 'invokePV' '(JJ)V' in 'org/lwjgl/system/JNI'
RCX=0x0000000000000001 is an unknown value
RDX=0x000000000242efc0 is pointing into the stack for thread: 0x0000000002512800
RSP=0x000000000242ef28 is pointing into the stack for thread: 0x0000000002512800
RBP=0x000000000242efb0 is pointing into the stack for thread: 0x0000000002512800
RSI=0x0000000010200021 is an unknown value
RDI=0x000000000261835d is at code_begin+2301 in an Interpreter codelet
invoke return entry points  [0x0000000002617a60, 0x0000000002618440]  2528 bytes
R8 =0x00007ffebfd96620 is an unknown value
R9 =0x0000000000000001 is an unknown value
R10=0x0000000002628c3b is at code_begin+891 in an Interpreter codelet
method entry point (kind = native)  [0x00000000026288c0, 0x0000000002629280]  2496 bytes
R11=0x00000000519ccd40 is an unknown value
R12=0x0000000000000000 is an unknown value
R13={method} {0x0000000016e99e48} 'invokePV' '(JJ)V' in 'org/lwjgl/system/JNI'
R14=0x000000000242efe8 is pointing into the stack for thread: 0x0000000002512800
R15=0x0000000002512800 is a thread


Stack: [0x0000000002330000,0x0000000002430000],  sp=0x000000000242ef28,  free space=1019k
Native frames: (J=compiled Java code, j=interpreted, Vv=VM code, C=native code)
C  [glfw.dll+0x6635]

Java frames: (J=compiled Java code, j=interpreted, Vv=VM code)
j  org.lwjgl.system.JNI.invokePV(JJ)V+0
j  org.lwjgl.glfw.GLFW.glfwMaximizeWindow(J)V+17
j  org.oreon.core.gl.platform.GLWindow.create()V+101
j  org.oreon.core.gl.context.GLContext.create()V+52
j  org.oreon.examples.gl.oreonworlds.GLOreonworlds.main([Ljava/lang/String;)V+0
v  ~StubRoutines::call_stub

---------------  P R O C E S S  ---------------

Java Threads: ( => current thread )
  0x0000000018b0c800 JavaThread "Service Thread" daemon [_thread_blocked, id=9332, stack(0x0000000018ec0000,0x0000000018fc0000)]
  0x0000000017149000 JavaThread "C1 CompilerThread2" daemon [_thread_blocked, id=1108, stack(0x00000000189c0000,0x0000000018ac0000)]
  0x0000000017138000 JavaThread "C2 CompilerThread1" daemon [_thread_blocked, id=12040, stack(0x00000000188c0000,0x00000000189c0000)]
  0x000000001712f000 JavaThread "C2 CompilerThread0" daemon [_thread_blocked, id=10700, stack(0x00000000187c0000,0x00000000188c0000)]
  0x000000001712d800 JavaThread "Attach Listener" daemon [_thread_blocked, id=12816, stack(0x00000000186c0000,0x00000000187c0000)]
  0x000000001712b800 JavaThread "Signal Dispatcher" daemon [_thread_blocked, id=12688, stack(0x00000000185c0000,0x00000000186c0000)]
  0x000000000260c000 JavaThread "Finalizer" daemon [_thread_blocked, id=13384, stack(0x0000000018390000,0x0000000018490000)]
  0x00000000170f9000 JavaThread "Reference Handler" daemon [_thread_blocked, id=4272, stack(0x0000000018290000,0x0000000018390000)]
=>0x0000000002512800 JavaThread "main" [_thread_in_native, id=3076, stack(0x0000000002330000,0x0000000002430000)]

Other Threads:
  0x00000000170f7000 VMThread [stack: 0x0000000018190000,0x0000000018290000] [id=12972]
  0x0000000018b1d800 WatcherThread [stack: 0x0000000018fc0000,0x00000000190c0000] [id=1704]

VM state:not at safepoint (normal execution)

VM Mutex/Monitor currently owned by a thread: None

heap address: 0x0000000081e00000, size: 2018 MB, Compressed Oops mode: 32-bit
Narrow klass base: 0x0000000000000000, Narrow klass shift: 3
Compressed class space size: 1073741824 Address: 0x0000000100000000

Heap:
 PSYoungGen      total 38400K, used 12661K [0x00000000d5f80000, 0x00000000d8a00000, 0x0000000100000000)
  eden space 33280K, 38% used [0x00000000d5f80000,0x00000000d6bdd668,0x00000000d8000000)
  from space 5120K, 0% used [0x00000000d8500000,0x00000000d8500000,0x00000000d8a00000)
  to   space 5120K, 0% used [0x00000000d8000000,0x00000000d8000000,0x00000000d8500000)
 ParOldGen       total 87552K, used 0K [0x0000000081e00000, 0x0000000087380000, 0x00000000d5f80000)
  object space 87552K, 0% used [0x0000000081e00000,0x0000000081e00000,0x0000000087380000)
 Metaspace       used 8363K, capacity 8592K, committed 8832K, reserved 1056768K
  class space    used 974K, capacity 1060K, committed 1152K, reserved 1048576K

Card table byte_map: [0x00000000119d0000,0x0000000011dd0000] byte_map_base: 0x00000000115c1000

Marking Bits: (ParMarkBitMap*) 0x0000000051fc4ce0
 Begin Bits: [0x0000000012480000, 0x0000000014408000)
 End Bits:   [0x0000000014408000, 0x0000000016390000)

Polling page: 0x0000000000760000

CodeCache: size=245760Kb used=2632Kb max_used=2649Kb free=243127Kb
 bounds [0x0000000002610000, 0x00000000028b0000, 0x0000000011610000]
 total_blobs=1314 nmethods=570 adapters=657
 compilation: enabled

Compilation events (10 events):
Event: 0.626 Thread 0x0000000017149000  566       1       java.util.jar.Manifest::getMainAttributes (5 bytes)
Event: 0.626 Thread 0x0000000017149000 nmethod 566 0x000000000289c950 code [0x000000000289caa0, 0x000000000289cbb0]
Event: 0.626 Thread 0x0000000017149000  567   !   3       java.util.zip.Inflater::ended (32 bytes)
Event: 0.627 Thread 0x0000000017149000 nmethod 567 0x000000000289cc10 code [0x000000000289cd80, 0x000000000289d150]
Event: 0.631 Thread 0x0000000017149000  568       1       java.util.jar.JarFile::access$300 (5 bytes)
Event: 0.631 Thread 0x0000000017149000 nmethod 568 0x000000000289d290 code [0x000000000289d3e0, 0x000000000289d4d0]
Event: 0.636 Thread 0x0000000017149000  569       3       java.lang.ClassLoader::checkPackageAccess (122 bytes)
Event: 0.637 Thread 0x0000000017149000 nmethod 569 0x000000000289d750 code [0x000000000289d980, 0x000000000289e568]
Event: 0.637 Thread 0x0000000017149000  570   !   3       java.util.Collections$SynchronizedCollection::add (25 bytes)
Event: 0.637 Thread 0x0000000017149000 nmethod 570 0x000000000289eb10 code [0x000000000289ec80, 0x000000000289f028]

GC Heap History (0 events):
No events

Deoptimization events (2 events):
Event: 0.180 Thread 0x0000000002512800 Uncommon trap: reason=unstable_if action=reinterpret pc=0x0000000002767078 method=java.lang.String.indexOf([CII[CIII)I @ 123
Event: 0.308 Thread 0x0000000002512800 Uncommon trap: reason=unstable_if action=reinterpret pc=0x00000000027b65f4 method=java.lang.String.lastIndexOf([CII[CIII)I @ 66

Classes redefined (0 events):
No events

Internal exceptions (10 events):
Event: 0.256 Thread 0x0000000002512800 Exception <a 'java/lang/ClassNotFoundException': org/apache/log4j/ConsoleAppenderCustomizer> (0x00000000d6477398) thrown at [C:\re\workspace\8-2-build-windows-amd64-cygwin\jdk8u201\12322\hotspot\src\share\vm\classfile\systemDictionary.cpp, line 210]
Event: 0.270 Thread 0x0000000002512800 Exception <a 'java/lang/ClassNotFoundException': org/apache/log4j/PatternLayoutBeanInfo> (0x00000000d652de98) thrown at [C:\re\workspace\8-2-build-windows-amd64-cygwin\jdk8u201\12322\hotspot\src\share\vm\classfile\systemDictionary.cpp, line 210]
Event: 0.270 Thread 0x0000000002512800 Exception <a 'java/lang/ClassNotFoundException': org/apache/log4j/LayoutBeanInfo> (0x00000000d653c528) thrown at [C:\re\workspace\8-2-build-windows-amd64-cygwin\jdk8u201\12322\hotspot\src\share\vm\classfile\systemDictionary.cpp, line 210]
Event: 0.271 Thread 0x0000000002512800 Exception <a 'java/lang/ClassNotFoundException': org/apache/log4j/LayoutCustomizer> (0x00000000d654ac28) thrown at [C:\re\workspace\8-2-build-windows-amd64-cygwin\jdk8u201\12322\hotspot\src\share\vm\classfile\systemDictionary.cpp, line 210]
Event: 0.272 Thread 0x0000000002512800 Exception <a 'java/lang/ClassNotFoundException': org/apache/log4j/PatternLayoutCustomizer> (0x00000000d655e270) thrown at [C:\re\workspace\8-2-build-windows-amd64-cygwin\jdk8u201\12322\hotspot\src\share\vm\classfile\systemDictionary.cpp, line 210]
Event: 0.323 Thread 0x0000000002512800 Exception <a 'java/lang/NoSuchMethodError': java.lang.Object.lambda$static$0(Ljava/lang/String;)Ljava/lang/Boolean;> (0x00000000d6712140) thrown at [C:\re\workspace\8-2-build-windows-amd64-cygwin\jdk8u201\12322\hotspot\src\share\vm\interpreter\linkResolve
Event: 0.334 Thread 0x0000000002512800 Exception <a 'java/lang/NoSuchFieldError': method resolution failed> (0x00000000d6789d98) thrown at [C:\re\workspace\8-2-build-windows-amd64-cygwin\jdk8u201\12322\hotspot\src\share\vm\prims\methodHandles.cpp, line 1167]
Event: 0.336 Thread 0x0000000002512800 Exception <a 'java/lang/NoSuchFieldError': method resolution failed> (0x00000000d67972a0) thrown at [C:\re\workspace\8-2-build-windows-amd64-cygwin\jdk8u201\12322\hotspot\src\share\vm\prims\methodHandles.cpp, line 1167]
Event: 0.597 Thread 0x0000000002512800 Exception <a 'sun/nio/fs/WindowsException'> (0x00000000d6ae3a90) thrown at [C:\re\workspace\8-2-build-windows-amd64-cygwin\jdk8u201\12322\hotspot\src\share\vm\prims\jni.cpp, line 709]
Event: 0.599 Thread 0x0000000002512800 Exception <a 'sun/nio/fs/WindowsException'> (0x00000000d6ae4300) thrown at [C:\re\workspace\8-2-build-windows-amd64-cygwin\jdk8u201\12322\hotspot\src\share\vm\prims\jni.cpp, line 709]

Events (10 events):
Event: 0.634 loading class java/nio/BufferOverflowException
Event: 0.634 loading class java/nio/BufferOverflowException done
Event: 0.634 loading class java/nio/InvalidMarkException
Event: 0.634 loading class java/nio/InvalidMarkException done
Event: 0.634 loading class java/nio/BufferUnderflowException
Event: 0.634 loading class java/nio/BufferUnderflowException done
Event: 0.634 loading class java/util/Spliterator
Event: 0.635 loading class java/util/Spliterator done
Event: 0.635 loading class org/lwjgl/system/CheckIntrinsics
Event: 0.635 loading class org/lwjgl/system/CheckIntrinsics done


Dynamic libraries:
0x00007ff78b950000 - 0x00007ff78b987000 	C:\Program Files\Java\jre1.8.0_201\bin\javaw.exe
0x00007ffed4e80000 - 0x00007ffed5070000 	C:\WINDOWS\SYSTEM32\ntdll.dll
0x00007ffed31e0000 - 0x00007ffed3292000 	C:\WINDOWS\System32\KERNEL32.DLL
0x00007ffed2c50000 - 0x00007ffed2ef3000 	C:\WINDOWS\System32\KERNELBASE.dll
0x00007ffed3b10000 - 0x00007ffed3bb3000 	C:\WINDOWS\System32\ADVAPI32.dll
0x00007ffed4d10000 - 0x00007ffed4dae000 	C:\WINDOWS\System32\msvcrt.dll
0x00007ffed3de0000 - 0x00007ffed3e77000 	C:\WINDOWS\System32\sechost.dll
0x00007ffed41f0000 - 0x00007ffed4310000 	C:\WINDOWS\System32\RPCRT4.dll
0x00007ffed4310000 - 0x00007ffed44a3000 	C:\WINDOWS\System32\USER32.dll
0x00007ffed2920000 - 0x00007ffed2941000 	C:\WINDOWS\System32\win32u.dll
0x00007ffed2fa0000 - 0x00007ffed2fc6000 	C:\WINDOWS\System32\GDI32.dll
0x00007ffed29b0000 - 0x00007ffed2b44000 	C:\WINDOWS\System32\gdi32full.dll
0x00007ffed2880000 - 0x00007ffed291e000 	C:\WINDOWS\System32\msvcp_win.dll
0x00007ffed2b50000 - 0x00007ffed2c4a000 	C:\WINDOWS\System32\ucrtbase.dll
0x00007ffec1600000 - 0x00007ffec1885000 	C:\WINDOWS\WinSxS\amd64_microsoft.windows.common-controls_6595b64144ccf1df_6.0.18362.356_none_e6c4af7d130f27cc\COMCTL32.dll
0x00007ffed4930000 - 0x00007ffed4c66000 	C:\WINDOWS\System32\combase.dll
0x00007ffed25b0000 - 0x00007ffed2630000 	C:\WINDOWS\System32\bcryptPrimitives.dll
0x00007ffed4db0000 - 0x00007ffed4dde000 	C:\WINDOWS\System32\IMM32.DLL
0x00000000524a0000 - 0x0000000052571000 	C:\Program Files\Java\jre1.8.0_201\bin\msvcr100.dll
0x00000000517a0000 - 0x0000000052044000 	C:\Program Files\Java\jre1.8.0_201\bin\server\jvm.dll
0x00007ffed3bc0000 - 0x00007ffed3bc8000 	C:\WINDOWS\System32\PSAPI.DLL
0x00007ffebd2d0000 - 0x00007ffebd2d9000 	C:\WINDOWS\SYSTEM32\WSOCK32.dll
0x00007ffecf730000 - 0x00007ffecf754000 	C:\WINDOWS\SYSTEM32\WINMM.dll
0x00007ffed3bd0000 - 0x00007ffed3c3f000 	C:\WINDOWS\System32\WS2_32.dll
0x00007ffec60f0000 - 0x00007ffec60fa000 	C:\WINDOWS\SYSTEM32\VERSION.dll
0x00007ffecf700000 - 0x00007ffecf72d000 	C:\WINDOWS\SYSTEM32\WINMMBASE.dll
0x00007ffed2630000 - 0x00007ffed267a000 	C:\WINDOWS\System32\cfgmgr32.dll
0x00007ffecf8a0000 - 0x00007ffecf8af000 	C:\Program Files\Java\jre1.8.0_201\bin\verify.dll
0x00007ffebff60000 - 0x00007ffebff89000 	C:\Program Files\Java\jre1.8.0_201\bin\java.dll
0x00007ffec5cd0000 - 0x00007ffec5ce6000 	C:\Program Files\Java\jre1.8.0_201\bin\zip.dll
0x00007ffed3350000 - 0x00007ffed3a35000 	C:\WINDOWS\System32\SHELL32.dll
0x00007ffed32a0000 - 0x00007ffed3349000 	C:\WINDOWS\System32\shcore.dll
0x00007ffed1e10000 - 0x00007ffed258e000 	C:\WINDOWS\System32\windows.storage.dll
0x00007ffed1df0000 - 0x00007ffed1e0f000 	C:\WINDOWS\System32\profapi.dll
0x00007ffed1d80000 - 0x00007ffed1dca000 	C:\WINDOWS\System32\powrprof.dll
0x00007ffed1d50000 - 0x00007ffed1d60000 	C:\WINDOWS\System32\UMPDC.dll
0x00007ffed4190000 - 0x00007ffed41e2000 	C:\WINDOWS\System32\shlwapi.dll
0x00007ffed1d60000 - 0x00007ffed1d71000 	C:\WINDOWS\System32\kernel.appcore.dll
0x00007ffed2590000 - 0x00007ffed25a7000 	C:\WINDOWS\System32\cryptsp.dll
0x00007ffec4280000 - 0x00007ffec429a000 	C:\Program Files\Java\jre1.8.0_201\bin\net.dll
0x00007ffec3910000 - 0x00007ffec3ae6000 	C:\WINDOWS\SYSTEM32\urlmon.dll
0x00007ffec3c30000 - 0x00007ffec3ed6000 	C:\WINDOWS\SYSTEM32\iertutil.dll
0x00007ffed1730000 - 0x00007ffed173c000 	C:\WINDOWS\SYSTEM32\CRYPTBASE.DLL
0x00007ffed1560000 - 0x00007ffed15c7000 	C:\WINDOWS\system32\mswsock.dll
0x00007ffec41e0000 - 0x00007ffec41f1000 	C:\Program Files\Java\jre1.8.0_201\bin\nio.dll
0x00007ffeaaf90000 - 0x00007ffeaaff1000 	C:\Users\Fynn\AppData\Local\Temp\lwjglFynn\3.1.7-build-11\lwjgl.dll
0x00007ffebfd90000 - 0x00007ffebfdec000 	C:\Users\Fynn\AppData\Local\Temp\lwjglFynn\3.1.7-build-11\glfw.dll
0x00007ffecfb30000 - 0x00007ffecfbc9000 	C:\WINDOWS\system32\uxtheme.dll
0x00007ffeb1e70000 - 0x00007ffeb1eb3000 	C:\WINDOWS\SYSTEM32\dinput8.dll
0x00007ffec5200000 - 0x00007ffec5211000 	C:\WINDOWS\SYSTEM32\xinput1_4.dll
0x00007ffed1af0000 - 0x00007ffed1b1a000 	C:\WINDOWS\SYSTEM32\DEVOBJ.dll
0x00007ffecffa0000 - 0x00007ffecffcd000 	C:\WINDOWS\SYSTEM32\dwmapi.dll
0x00007ffecbae0000 - 0x00007ffecbbe2000 	C:\WINDOWS\SYSTEM32\inputhost.dll
0x00007ffecf2b0000 - 0x00007ffecf384000 	C:\WINDOWS\SYSTEM32\CoreMessaging.dll
0x00007ffecd3c0000 - 0x00007ffecd6ea000 	C:\WINDOWS\SYSTEM32\CoreUIComponents.dll
0x00007ffecffd0000 - 0x00007ffed00bf000 	C:\WINDOWS\SYSTEM32\PROPSYS.dll
0x00007ffed3a40000 - 0x00007ffed3b04000 	C:\WINDOWS\System32\OLEAUT32.dll
0x00007ffecd220000 - 0x00007ffecd373000 	C:\WINDOWS\SYSTEM32\wintypes.dll
0x00007ffed0db0000 - 0x00007ffed0de1000 	C:\WINDOWS\SYSTEM32\ntmarta.dll
0x00007ffed30a0000 - 0x00007ffed31d5000 	C:\WINDOWS\System32\MSCTF.dll
0x00007ffed0620000 - 0x00007ffed062e000 	C:\WINDOWS\SYSTEM32\HID.DLL
0x00007ffed44c0000 - 0x00007ffed4930000 	C:\WINDOWS\System32\SETUPAPI.DLL
0x00007ffed2f00000 - 0x00007ffed2f26000 	C:\WINDOWS\System32\bcrypt.dll
0x00007ffed2950000 - 0x00007ffed29ac000 	C:\WINDOWS\System32\WINTRUST.dll
0x00007ffed1dd0000 - 0x00007ffed1de2000 	C:\WINDOWS\System32\MSASN1.dll
0x00007ffed2730000 - 0x00007ffed2879000 	C:\WINDOWS\System32\CRYPT32.dll
0x00007ffebfa80000 - 0x00007ffebfbd6000 	C:\WINDOWS\SYSTEM32\opengl32.dll
0x00007ffec2f50000 - 0x00007ffec2f7c000 	C:\WINDOWS\SYSTEM32\GLU32.dll
0x00007ffed09c0000 - 0x00007ffed09e0000 	C:\WINDOWS\SYSTEM32\dxcore.dll
0x00007ffe95380000 - 0x00007ffe96217000 	C:\WINDOWS\System32\DriverStore\FileRepository\igdlh64.inf_amd64_11444d601907b1cf\ig9icd64.dll
0x00007ffed0a50000 - 0x00007ffed0b3b000 	C:\WINDOWS\system32\dxgi.dll
0x00007ffeaaab0000 - 0x00007ffeaab93000 	C:\WINDOWS\System32\DriverStore\FileRepository\igdlh64.inf_amd64_11444d601907b1cf\igdgmm64.dll
0x00007ffec6810000 - 0x00007ffec8779000 	C:\WINDOWS\System32\DriverStore\FileRepository\igdlh64.inf_amd64_11444d601907b1cf\igc64.dll
0x00007ffecc660000 - 0x00007ffecc6fe000 	C:\WINDOWS\System32\TextInputFramework.dll
0x00007ffebf260000 - 0x00007ffebf2c5000 	C:\WINDOWS\system32\Oleacc.dll
0x00007ffea9f00000 - 0x00007ffea9f81000 	C:\Users\Fynn\AppData\Local\Temp\lwjglFynn\3.1.7-build-11\lwjgl_stb.dll
0x00007ffeccb90000 - 0x00007ffeccc3e000 	C:\WINDOWS\SYSTEM32\mscms.dll
0x00007ffed1c70000 - 0x00007ffed1c95000 	C:\WINDOWS\SYSTEM32\USERENV.dll
0x00007ffecd3a0000 - 0x00007ffecd3b7000 	C:\WINDOWS\SYSTEM32\ColorAdapterClient.dll
0x00007ffea9eb0000 - 0x00007ffea9ef3000 	C:\WINDOWS\SYSTEM32\icm32.dll
0x00007ffed0630000 - 0x00007ffed0824000 	C:\WINDOWS\SYSTEM32\dbghelp.dll

VM Arguments:
jvm_args: -Dfile.encoding=Cp1252 
java_command: org.oreon.examples.gl.oreonworlds.GLOreonworlds
java_class_path (initial): C:\Users\Fynn\git\OE3\oreonengine\examples-opengl\target\classes;C:\Users\Fynn\git\OE3\oreonengine\oe-core\target\classes;C:\Users\Fynn\git\OE3\oreonengine\oe-gl-api\target\classes;C:\Users\Fynn\git\OE3\oreonengine\oe-common-world\target\classes;C:\Users\Fynn\git\OE3\oreonengine\oe-gl-components\target\classes;C:\Users\Fynn\git\OE3\oreonengine\oe-common-ui\target\classes;C:\Users\Fynn\git\OE3\oreonengine\oe-gl-deferred\target\classes;C:\Users\Fynn\.m2\repository\org\lwjgl\lwjgl\3.1.7-SNAPSHOT\lwjgl-3.1.7-SNAPSHOT.jar;C:\Users\Fynn\.m2\repository\org\lwjgl\lwjgl-assimp\3.1.7-SNAPSHOT\lwjgl-assimp-3.1.7-SNAPSHOT.jar;C:\Users\Fynn\.m2\repository\org\lwjgl\lwjgl-glfw\3.1.7-SNAPSHOT\lwjgl-glfw-3.1.7-SNAPSHOT.jar;C:\Users\Fynn\.m2\repository\org\lwjgl\lwjgl-jemalloc\3.1.7-SNAPSHOT\lwjgl-jemalloc-3.1.7-SNAPSHOT.jar;C:\Users\Fynn\.m2\repository\org\lwjgl\lwjgl-openal\3.1.7-SNAPSHOT\lwjgl-openal-3.1.7-SNAPSHOT.jar;C:\Users\Fynn\.m2\repository\org\lwjgl\lwjgl-opengl\3.1.7-SNAPSHOT\lwjgl-opengl-3.1.7-SNAPSHOT.jar;C:\Users\Fynn\.m2\repository\org\lwjgl\lwjgl-vulkan\3.1.7-SNAPSHOT\lwjgl-vulkan-3.1.7-SNAPSHOT.jar;C:\Users\Fynn\.m2\repository\org\lwjgl\lwjgl-stb\3.1.7-SNAPSHOT\lwjgl-stb-3.1.7-SNAPSHOT.jar;C:\Users\Fynn\.m2\repository\org\lwjgl\lwjgl\3.1.7-SNAPSHOT\lwjgl-3.1.7-SNAPSHOT-natives-windows.jar;C:\Users\Fynn\.m2\repository\org\lwjgl\lwjgl-assimp\3.1.7-SNAPSHOT\lwjgl-assimp-3.1.7-SNAPSHOT-natives-windows.jar;C:\Users\Fynn\.m2\repository\org\lwjgl\lwjgl-glfw\3.1.7-SNAPSHOT\lwjgl-glfw-3.1.7-SNAPSHOT-natives-windows.jar;C:\Users\Fynn\.m2\repository\org\lwjgl\lwjgl-jemalloc\3.1.7-SNAPSHOT\lwjgl-jemalloc-3.1.7-SNAPSHOT-natives-windows.jar;C:\Users\Fynn\.m2\repository\org\lwjgl\lwjgl-openal\3.1.7-SNAPSHOT\lwjgl-openal-3.1.7-SNAPSHOT-natives-windows.jar;C:\Users\Fynn\.m2\repository\org\lwjgl\lwjgl-opengl\3.1.7-SNAPSHOT\lwjgl-opengl-3.1.7-SNAPSHOT-natives-windows.jar;C:\Users\Fynn\.m2\repository\org\lwjgl\lwjgl-stb\3.1.7-SNAPSHOT\lwjgl-stb-3.1.7-SNAPS
Launcher Type: SUN_STANDARD

Environment Variables:
PATH=C:/Program Files/Java/jre1.8.0_201/bin/server;C:/Program Files/Java/jre1.8.0_201/bin;C:/Program Files/Java/jre1.8.0_201/lib/amd64;C:\VulkanSDK\1.1.82.1\Bin;C:\Program Files (x86)\Common Files\Oracle\Java\javapath;C:\ProgramData\Oracle\Java\javapath;C:\Program Files (x86)\Intel\iCLS Client\;C:\Program Files\Intel\iCLS Client\;C:\WINDOWS\system32;C:\WINDOWS;C:\WINDOWS\System32\Wbem;C:\WINDOWS\System32\WindowsPowerShell\v1.0\;C:\Program Files (x86)\Intel\Intel(R) Management Engine Components\DAL;C:\Program Files\Intel\Intel(R) Management Engine Components\DAL;C:\Program Files (x86)\Intel\Intel(R) Management Engine Components\IPT;C:\Program Files\Intel\Intel(R) Management Engine Components\IPT;C:\Program Files (x86)\Windows Live\Shared;C:\Program Files\MiKTeX 2.9\miktex\bin\x64\;C:\Program Files\Java\jdk1.8.0_144\jre\bin\;C:\WINDOWS\System32\OpenSSH\;C:\Program Files (x86)\NoteBook FanControl\;C:\Users\Fynn\AppData\Local\Programs\Python\Python37-32\Scripts;C:\Program Files\Git\cmd;C:\Users\Fynn\AppData\Local\Microsoft\WindowsApps;C:\Users\Fynn\AppData\Local\GitHubDesktop\bin;C:\Users\Fynn\AppData\Local\Microsoft\WindowsApps;;C:\Users\Fynn\AppData\Local\Programs\Microsoft VS Code\bin;C:\Users\Fynn\Desktop;
USERNAME=Fynn
OS=Windows_NT
PROCESSOR_IDENTIFIER=Intel64 Family 6 Model 142 Stepping 9, GenuineIntel



---------------  S Y S T E M  ---------------

OS: Windows 10.0 , 64 bit Build 18362 (10.0.18362.329)

CPU:total 4 (initial active 4) (2 cores per cpu, 2 threads per core) family 6 model 142 stepping 9, cmov, cx8, fxsr, mmx, sse, sse2, sse3, ssse3, sse4.1, sse4.2, popcnt, avx, avx2, aes, clmul, erms, 3dnowpref, lzcnt, ht, tsc, tscinvbit, bmi1, bmi2, adx

Memory: 4k page, physical 8258212k(4694552k free), swap 9568932k(4766728k free)

vm_info: Java HotSpot(TM) 64-Bit Server VM (25.201-b09) for windows-amd64 JRE (1.8.0_201-b09), built on Dec 15 2018 18:36:39 by "java_re" with MS VC++ 10.0 (VS2010)

time: Wed Sep 25 10:27:03 2019
timezone: Mitteleuropäische Sommerzeit
elapsed time: 0 seconds (0d 0h 0m 0s)

