#
# A fatal error has been detected by the Java Runtime Environment:
#
#  EXCEPTION_ACCESS_VIOLATION (0xc0000005) at pc=0x00007ffca8ef9ced, pid=7164, tid=0x0000000000000f04
#
# JRE version: Java(TM) SE Runtime Environment (8.0_144-b01) (build 1.8.0_144-b01)
# Java VM: Java HotSpot(TM) 64-Bit Server VM (25.144-b01 mixed mode windows-amd64 compressed oops)
# Problematic frame:
# C  [VkLayer_core_validation.dll+0x119ced]
#
# Failed to write core dump. Minidumps are not enabled by default on client versions of Windows
#
# If you would like to submit a bug report, please visit:
#   http://bugreport.java.com/bugreport/crash.jsp
# The crash happened outside the Java Virtual Machine in native code.
# See problematic frame for where to report the bug.
#

---------------  T H R E A D  ---------------

Current thread (0x000000000446e000):  JavaThread "main" [_thread_in_native, id=3844, stack(0x0000000004470000,0x0000000004570000)]

siginfo: ExceptionCode=0xc0000005, reading address 0x0000000000000018

Registers:
RAX=0x0000000000000000, RBX=0x000000001eb4fe40, RCX=0x00000000ffffffff, RDX=0x000000000058f500
RSP=0x000000000456e6d0, RBP=0x000000000456e789, RSI=0x000000001eaf9a00, RDI=0x0000000000000000
R8 =0x0000000000000017, R9 =0x000000000000001b, R10=0x00007ffcf052be50, R11=0x000000000456e530
R12=0x000000001ea1dfa0, R13=0x0000000000000000, R14=0x0000000000000000, R15=0x0000000000000001
RIP=0x00007ffca8ef9ced, EFLAGS=0x0000000000010206

Top of Stack: (sp=0x000000000456e6d0)
0x000000000456e6d0:   0000000000000001 00007ffceca0e926
0x000000000456e6e0:   0000000000000013 0000000000000000
0x000000000456e6f0:   0000000000000518 00000000096005ee
0x000000000456e700:   00007ffca91cfe24 00007ffca91d0c40
0x000000000456e710:   0000000000000001 00007ffc00000000
0x000000000456e720:   00007ffca90cb3e0 000000000000001c
0x000000000456e730:   000000001eb50058 00007ffca8f23c10
0x000000000456e740:   096005ee1eb24a00 0000000000000000
0x000000000456e750:   000000000000001c 000000001eb4fe40
0x000000000456e760:   000000000456e8c9 000000001eb24a30
0x000000000456e770:   fffffffffffffffe 00007ffca8f3d627
0x000000000456e780:   000080eafbc9a7b9 00007ffce8caaebf
0x000000000456e790:   0000000000000000 00007ffca8ec0cef
0x000000000456e7a0:   000000001eb24840 000000001eb50058
0x000000000456e7b0:   000000001eb30f00 000000001eb30fe0
0x000000000456e7c0:   0000000000000000 0000000000000001 

Instructions: (pc=0x00007ffca8ef9ced)
0x00007ffca8ef9ccd:   88 45 b7 4d 8b ee 4c 89 75 bf 4c 8b a3 a8 00 00
0x00007ffca8ef9cdd:   00 41 bf 01 00 00 00 4d 85 e4 0f 84 1b 03 00 00
0x00007ffca8ef9ced:   41 8b 4d 18 41 39 4c 24 1c 0f 84 7a 01 00 00 4c
0x00007ffca8ef9cfd:   8b 05 25 c1 37 00 48 b8 ed c7 b4 5f 24 c7 4f e3 


Register to memory mapping:

RAX=0x0000000000000000 is an unknown value
RBX=0x000000001eb4fe40 is an unknown value
RCX=0x00000000ffffffff is an unallocated location in the heap
RDX=0x000000000058f500 is an unknown value
RSP=0x000000000456e6d0 is pointing into the stack for thread: 0x000000000446e000
RBP=0x000000000456e789 is pointing into the stack for thread: 0x000000000446e000
RSI=0x000000001eaf9a00 is an unknown value
RDI=0x0000000000000000 is an unknown value
R8 =0x0000000000000017 is an unknown value
R9 =0x000000000000001b is an unknown value
R10=0x00007ffcf052be50 is an unknown value
R11=0x000000000456e530 is pointing into the stack for thread: 0x000000000446e000
R12=0x000000001ea1dfa0 is an unknown value
R13=0x0000000000000000 is an unknown value
R14=0x0000000000000000 is an unknown value
R15=0x0000000000000001 is an unknown value


Stack: [0x0000000004470000,0x0000000004570000],  sp=0x000000000456e6d0,  free space=1017k
Native frames: (J=compiled Java code, j=interpreted, Vv=VM code, C=native code)
C  [VkLayer_core_validation.dll+0x119ced]
C  [VkLayer_core_validation.dll+0xf6370]
C  [VkLayer_object_tracker.dll+0x83d27]
C  [VkLayer_parameter_validation.dll+0xc5c80]
C  [VkLayer_threading.dll+0x219bc]
C  0x0000000004687f74

Java frames: (J=compiled Java code, j=interpreted, Vv=VM code)
j  org.lwjgl.system.JNI.callPJPPPI(JJJIJJJ)I+0
j  org.lwjgl.vulkan.VK10.nvkCreateGraphicsPipelines(Lorg/lwjgl/vulkan/VkDevice;JIJJJ)I+47
j  org.lwjgl.vulkan.VK10.vkCreateGraphicsPipelines(Lorg/lwjgl/vulkan/VkDevice;JLorg/lwjgl/vulkan/VkGraphicsPipelineCreateInfo$Buffer;Lorg/lwjgl/vulkan/VkAllocationCallbacks;Ljava/nio/LongBuffer;)I+35
j  org.oreon.core.vk.core.pipeline.VkPipeline.createPipeline(Lorg/oreon/core/vk/core/pipeline/ShaderPipeline;J)V+107
j  org.oreon.core.vk.wrapper.pipeline.SwapChainPipeline.<init>(Lorg/lwjgl/vulkan/VkDevice;JLorg/lwjgl/vulkan/VkExtent2D;ILjava/nio/LongBuffer;)V+117
j  org.oreon.core.vk.core.swapchain.SwapChain.<init>(Lorg/oreon/core/vk/core/device/LogicalDevice;Lorg/oreon/core/vk/core/device/PhysicalDevice;JJ)V+206
j  org.oreon.vk.engine.VkRenderEngine.init()V+375
j  org.oreon.core.system.CoreSystem.init()V+58
j  org.oreon.core.system.CoreEngine.init(Lorg/oreon/core/system/CoreSystem;)V+6
j  org.oreon.vk.demo.SimpleVulkanDemo.main([Ljava/lang/String;)V+37
v  ~StubRoutines::call_stub

---------------  P R O C E S S  ---------------

Java Threads: ( => current thread )
  0x000000001ab40800 JavaThread "Service Thread" daemon [_thread_blocked, id=2524, stack(0x000000001af00000,0x000000001b000000)]
  0x0000000019197800 JavaThread "C1 CompilerThread2" daemon [_thread_blocked, id=1436, stack(0x000000001aa00000,0x000000001ab00000)]
  0x0000000019192800 JavaThread "C2 CompilerThread1" daemon [_thread_blocked, id=12184, stack(0x000000001a900000,0x000000001aa00000)]
  0x0000000019190800 JavaThread "C2 CompilerThread0" daemon [_thread_blocked, id=7788, stack(0x000000001a800000,0x000000001a900000)]
  0x000000001918f000 JavaThread "Attach Listener" daemon [_thread_blocked, id=204, stack(0x000000001a700000,0x000000001a800000)]
  0x000000001918c000 JavaThread "Signal Dispatcher" daemon [_thread_blocked, id=11212, stack(0x000000001a600000,0x000000001a700000)]
  0x000000000466d800 JavaThread "Finalizer" daemon [_thread_blocked, id=10312, stack(0x000000001a3e0000,0x000000001a4e0000)]
  0x0000000004662000 JavaThread "Reference Handler" daemon [_thread_blocked, id=6748, stack(0x000000001a2e0000,0x000000001a3e0000)]
=>0x000000000446e000 JavaThread "main" [_thread_in_native, id=3844, stack(0x0000000004470000,0x0000000004570000)]

Other Threads:
  0x0000000019157800 VMThread [stack: 0x000000001a1e0000,0x000000001a2e0000] [id=7552]
  0x000000001ab44800 WatcherThread [stack: 0x000000001b000000,0x000000001b100000] [id=7120]

VM state:not at safepoint (normal execution)

VM Mutex/Monitor currently owned by a thread: None

Heap:
 PSYoungGen      total 38400K, used 8096K [0x00000000d5f80000, 0x00000000d8a00000, 0x0000000100000000)
  eden space 33280K, 8% used [0x00000000d5f80000,0x00000000d626c7d8,0x00000000d8000000)
  from space 5120K, 99% used [0x00000000d8000000,0x00000000d84fbb78,0x00000000d8500000)
  to   space 5120K, 0% used [0x00000000d8500000,0x00000000d8500000,0x00000000d8a00000)
 ParOldGen       total 87552K, used 373K [0x0000000081e00000, 0x0000000087380000, 0x00000000d5f80000)
  object space 87552K, 0% used [0x0000000081e00000,0x0000000081e5d668,0x0000000087380000)
 Metaspace       used 14542K, capacity 14846K, committed 15104K, reserved 1062912K
  class space    used 1596K, capacity 1695K, committed 1792K, reserved 1048576K

Card table byte_map: [0x0000000013a30000,0x0000000013e30000] byte_map_base: 0x0000000013621000

Marking Bits: (ParMarkBitMap*) 0x000000006057d850
 Begin Bits: [0x00000000144e0000, 0x0000000016468000)
 End Bits:   [0x0000000016468000, 0x00000000183f0000)

Polling page: 0x0000000002d30000

CodeCache: size=245760Kb used=4010Kb max_used=4035Kb free=241749Kb
 bounds [0x0000000004670000, 0x0000000004a70000, 0x0000000013670000]
 total_blobs=1792 nmethods=988 adapters=717
 compilation: enabled

Compilation events (10 events):
Event: 1.385 Thread 0x0000000019197800 nmethod 982 0x0000000004a50cd0 code [0x0000000004a50e80, 0x0000000004a51528]
Event: 1.385 Thread 0x0000000019192800  983       4       java.net.URLStreamHandler::parseURL (1193 bytes)
Event: 1.406 Thread 0x0000000019197800  984       1       org.lwjgl.system.CustomBuffer::position (5 bytes)
Event: 1.406 Thread 0x0000000019197800 nmethod 984 0x0000000004a52390 code [0x0000000004a524e0, 0x0000000004a525f0]
Event: 1.410 Thread 0x0000000019190800  985       4       sun.nio.cs.UTF_8$Decoder::decode (779 bytes)
Event: 1.414 Thread 0x0000000019197800  987       3       org.lwjgl.system.MemoryUtil::memPutInt (11 bytes)
Event: 1.414 Thread 0x0000000019190800 nmethod 985 0x0000000004a563d0 code [0x0000000004a56520, 0x0000000004a56758]
Event: 1.414 Thread 0x0000000019197800 nmethod 987 0x0000000004a56010 code [0x0000000004a56180, 0x0000000004a56330]
Event: 1.414 Thread 0x0000000019197800  988       3       org.lwjgl.system.MemoryAccess$MemoryAccessorUnsafe::memPutInt (9 bytes)
Event: 1.414 Thread 0x0000000019197800 nmethod 988 0x0000000004a55cd0 code [0x0000000004a55e20, 0x0000000004a55f70]

GC Heap History (2 events):
Event: 1.363 GC heap before
{Heap before GC invocations=1 (full 0):
 PSYoungGen      total 38400K, used 33280K [0x00000000d5f80000, 0x00000000d8a00000, 0x0000000100000000)
  eden space 33280K, 100% used [0x00000000d5f80000,0x00000000d8000000,0x00000000d8000000)
  from space 5120K, 0% used [0x00000000d8500000,0x00000000d8500000,0x00000000d8a00000)
  to   space 5120K, 0% used [0x00000000d8000000,0x00000000d8000000,0x00000000d8500000)
 ParOldGen       total 87552K, used 0K [0x0000000081e00000, 0x0000000087380000, 0x00000000d5f80000)
  object space 87552K, 0% used [0x0000000081e00000,0x0000000081e00000,0x0000000087380000)
 Metaspace       used 13790K, capacity 14078K, committed 14208K, reserved 1062912K
  class space    used 1547K, capacity 1631K, committed 1664K, reserved 1048576K
Event: 1.369 GC heap after
Heap after GC invocations=1 (full 0):
 PSYoungGen      total 38400K, used 5102K [0x00000000d5f80000, 0x00000000d8a00000, 0x0000000100000000)
  eden space 33280K, 0% used [0x00000000d5f80000,0x00000000d5f80000,0x00000000d8000000)
  from space 5120K, 99% used [0x00000000d8000000,0x00000000d84fbb78,0x00000000d8500000)
  to   space 5120K, 0% used [0x00000000d8500000,0x00000000d8500000,0x00000000d8a00000)
 ParOldGen       total 87552K, used 373K [0x0000000081e00000, 0x0000000087380000, 0x00000000d5f80000)
  object space 87552K, 0% used [0x0000000081e00000,0x0000000081e5d668,0x0000000087380000)
 Metaspace       used 13790K, capacity 14078K, committed 14208K, reserved 1062912K
  class space    used 1547K, capacity 1631K, committed 1664K, reserved 1048576K
}

Deoptimization events (4 events):
Event: 0.177 Thread 0x000000000446e000 Uncommon trap: reason=unstable_if action=reinterpret pc=0x00000000047bf718 method=java.lang.String.indexOf([CII[CIII)I @ 123
Event: 0.369 Thread 0x000000000446e000 Uncommon trap: reason=unstable_if action=reinterpret pc=0x00000000048365b0 method=java.lang.String.indexOf([CII[CIII)I @ 3
Event: 1.054 Thread 0x000000000446e000 Uncommon trap: reason=unstable_if action=reinterpret pc=0x0000000004955c74 method=java.lang.AbstractStringBuilder.append(Ljava/lang/String;)Ljava/lang/AbstractStringBuilder; @ 1
Event: 1.058 Thread 0x000000000446e000 Uncommon trap: reason=unstable_if action=reinterpret pc=0x0000000004954be0 method=com.sun.org.apache.xerces.internal.utils.XMLSecurityManager.isOverLimit(ILcom/sun/org/apache/xerces/internal/utils/XMLLimitAnalyzer;)Z @ 28

Internal exceptions (10 events):
Event: 1.093 Thread 0x000000000446e000 Exception <a 'java/lang/ClassNotFoundException': org/apache/log4j/PatternLayoutBeanInfo> (0x00000000d7d215d8) thrown at [C:\re\workspace\8-2-build-windows-amd64-cygwin\jdk8u144\9417\hotspot\src\share\vm\classfile\systemDictionary.cpp, line 210]
Event: 1.094 Thread 0x000000000446e000 Exception <a 'java/lang/ClassNotFoundException': org/apache/log4j/LayoutBeanInfo> (0x00000000d7d2c0f8) thrown at [C:\re\workspace\8-2-build-windows-amd64-cygwin\jdk8u144\9417\hotspot\src\share\vm\classfile\systemDictionary.cpp, line 210]
Event: 1.095 Thread 0x000000000446e000 Exception <a 'java/lang/ClassNotFoundException': org/apache/log4j/LayoutCustomizer> (0x00000000d7d37018) thrown at [C:\re\workspace\8-2-build-windows-amd64-cygwin\jdk8u144\9417\hotspot\src\share\vm\classfile\systemDictionary.cpp, line 210]
Event: 1.096 Thread 0x000000000446e000 Exception <a 'java/lang/ClassNotFoundException': org/apache/log4j/PatternLayoutCustomizer> (0x00000000d7d47310) thrown at [C:\re\workspace\8-2-build-windows-amd64-cygwin\jdk8u144\9417\hotspot\src\share\vm\classfile\systemDictionary.cpp, line 210]
Event: 1.100 Thread 0x000000000446e000 Exception <a 'sun/nio/fs/WindowsException'> (0x00000000d7d7bde8) thrown at [C:\re\workspace\8-2-build-windows-amd64-cygwin\jdk8u144\9417\hotspot\src\share\vm\prims\jni.cpp, line 709]
Event: 1.100 Thread 0x000000000446e000 Exception <a 'sun/nio/fs/WindowsException'> (0x00000000d7d7c3c8) thrown at [C:\re\workspace\8-2-build-windows-amd64-cygwin\jdk8u144\9417\hotspot\src\share\vm\prims\jni.cpp, line 709]
Event: 1.397 Thread 0x000000000446e000 Exception <a 'sun/nio/fs/WindowsException'> (0x00000000d6104b00) thrown at [C:\re\workspace\8-2-build-windows-amd64-cygwin\jdk8u144\9417\hotspot\src\share\vm\prims\jni.cpp, line 709]
Event: 1.397 Thread 0x000000000446e000 Exception <a 'sun/nio/fs/WindowsException'> (0x00000000d61050f0) thrown at [C:\re\workspace\8-2-build-windows-amd64-cygwin\jdk8u144\9417\hotspot\src\share\vm\prims\jni.cpp, line 709]
Event: 1.399 Thread 0x000000000446e000 Exception <a 'sun/nio/fs/WindowsException'> (0x00000000d6113e30) thrown at [C:\re\workspace\8-2-build-windows-amd64-cygwin\jdk8u144\9417\hotspot\src\share\vm\prims\jni.cpp, line 709]
Event: 1.399 Thread 0x000000000446e000 Exception <a 'sun/nio/fs/WindowsException'> (0x00000000d6114420) thrown at [C:\re\workspace\8-2-build-windows-amd64-cygwin\jdk8u144\9417\hotspot\src\share\vm\prims\jni.cpp, line 709]

Events (10 events):
Event: 1.413 loading class org/lwjgl/vulkan/VkStencilOpState
Event: 1.413 loading class org/lwjgl/vulkan/VkStencilOpState done
Event: 1.414 loading class org/lwjgl/vulkan/VkPipelineDynamicStateCreateInfo
Event: 1.414 loading class org/lwjgl/vulkan/VkPipelineDynamicStateCreateInfo done
Event: 1.415 loading class org/lwjgl/vulkan/VkPipelineLayoutCreateInfo
Event: 1.415 loading class org/lwjgl/vulkan/VkPipelineLayoutCreateInfo done
Event: 1.416 loading class org/lwjgl/vulkan/VkGraphicsPipelineCreateInfo
Event: 1.416 loading class org/lwjgl/vulkan/VkGraphicsPipelineCreateInfo done
Event: 1.417 loading class org/lwjgl/vulkan/VkGraphicsPipelineCreateInfo$Buffer
Event: 1.417 loading class org/lwjgl/vulkan/VkGraphicsPipelineCreateInfo$Buffer done


Dynamic libraries:
0x00007ff773ee0000 - 0x00007ff773f17000 	C:\Program Files\Java\jdk1.8.0_144\bin\javaw.exe
0x00007ffcf0410000 - 0x00007ffcf05f0000 	C:\WINDOWS\SYSTEM32\ntdll.dll
0x00007ffcefb20000 - 0x00007ffcefbce000 	C:\WINDOWS\System32\KERNEL32.DLL
0x00007ffcecd30000 - 0x00007ffcecf96000 	C:\WINDOWS\System32\KERNELBASE.dll
0x00007ffceda10000 - 0x00007ffcedab1000 	C:\WINDOWS\System32\ADVAPI32.dll
0x00007ffcee190000 - 0x00007ffcee22d000 	C:\WINDOWS\System32\msvcrt.dll
0x00007ffcee380000 - 0x00007ffcee3db000 	C:\WINDOWS\System32\sechost.dll
0x00007ffcedf00000 - 0x00007ffcee01f000 	C:\WINDOWS\System32\RPCRT4.dll
0x00007ffcef820000 - 0x00007ffcef9af000 	C:\WINDOWS\System32\USER32.dll
0x00007ffced0d0000 - 0x00007ffced0f0000 	C:\WINDOWS\System32\win32u.dll
0x00007ffcefac0000 - 0x00007ffcefae8000 	C:\WINDOWS\System32\GDI32.dll
0x00007ffcec810000 - 0x00007ffcec9a3000 	C:\WINDOWS\System32\gdi32full.dll
0x00007ffced0f0000 - 0x00007ffced18b000 	C:\WINDOWS\System32\msvcp_win.dll
0x00007ffceca00000 - 0x00007ffcecaf6000 	C:\WINDOWS\System32\ucrtbase.dll
0x00007ffcdc3d0000 - 0x00007ffcdc639000 	C:\WINDOWS\WinSxS\amd64_microsoft.windows.common-controls_6595b64144ccf1df_6.0.16299.309_none_15cfd4c4935e6b11\COMCTL32.dll
0x00007ffcf00d0000 - 0x00007ffcf03d8000 	C:\WINDOWS\System32\combase.dll
0x00007ffced050000 - 0x00007ffced0c2000 	C:\WINDOWS\System32\bcryptPrimitives.dll
0x00007ffcee340000 - 0x00007ffcee36d000 	C:\WINDOWS\System32\IMM32.DLL
0x0000000061060000 - 0x0000000061132000 	C:\Program Files\Java\jdk1.8.0_144\jre\bin\msvcr100.dll
0x000000005fd60000 - 0x00000000605fd000 	C:\Program Files\Java\jdk1.8.0_144\jre\bin\server\jvm.dll
0x00007ffcefbd0000 - 0x00007ffcefbd8000 	C:\WINDOWS\System32\PSAPI.DLL
0x00007ffcdea70000 - 0x00007ffcdea79000 	C:\WINDOWS\SYSTEM32\WSOCK32.dll
0x00007ffcea2d0000 - 0x00007ffcea2f3000 	C:\WINDOWS\SYSTEM32\WINMM.dll
0x00007ffcde130000 - 0x00007ffcde13a000 	C:\WINDOWS\SYSTEM32\VERSION.dll
0x00007ffced8e0000 - 0x00007ffced94c000 	C:\WINDOWS\System32\WS2_32.dll
0x00007ffce9fd0000 - 0x00007ffce9ffa000 	C:\WINDOWS\SYSTEM32\WINMMBASE.dll
0x00007ffcec9b0000 - 0x00007ffcec9fa000 	C:\WINDOWS\System32\cfgmgr32.dll
0x0000000061050000 - 0x000000006105f000 	C:\Program Files\Java\jdk1.8.0_144\jre\bin\verify.dll
0x0000000061020000 - 0x0000000061049000 	C:\Program Files\Java\jdk1.8.0_144\jre\bin\java.dll
0x0000000061000000 - 0x0000000061016000 	C:\Program Files\Java\jdk1.8.0_144\jre\bin\zip.dll
0x00007ffcee3e0000 - 0x00007ffcef816000 	C:\WINDOWS\System32\SHELL32.dll
0x00007ffcee290000 - 0x00007ffcee336000 	C:\WINDOWS\System32\shcore.dll
0x00007ffced190000 - 0x00007ffced8d7000 	C:\WINDOWS\System32\windows.storage.dll
0x00007ffced950000 - 0x00007ffced9a1000 	C:\WINDOWS\System32\shlwapi.dll
0x00007ffcec7a0000 - 0x00007ffcec7b1000 	C:\WINDOWS\System32\kernel.appcore.dll
0x00007ffcec7c0000 - 0x00007ffcec80c000 	C:\WINDOWS\System32\powrprof.dll
0x00007ffcec780000 - 0x00007ffcec79b000 	C:\WINDOWS\System32\profapi.dll
0x0000000060fe0000 - 0x0000000060ffa000 	C:\Program Files\Java\jdk1.8.0_144\jre\bin\net.dll
0x00007ffcebf90000 - 0x00007ffcebff6000 	C:\WINDOWS\system32\mswsock.dll
0x0000000060fc0000 - 0x0000000060fd1000 	C:\Program Files\Java\jdk1.8.0_144\jre\bin\nio.dll
0x00007ffcd9cb0000 - 0x00007ffcd9d08000 	C:\Users\Fynn\AppData\Local\Temp\lwjglFynn\3.1.3-SNAPSHOT\lwjgl.dll
0x00007ffcd8840000 - 0x00007ffcd888d000 	C:\Users\Fynn\AppData\Local\Temp\lwjglFynn\3.1.3-SNAPSHOT\glfw.dll
0x00007ffcea8f0000 - 0x00007ffcea985000 	C:\WINDOWS\system32\uxtheme.dll
0x00007ffcd6b20000 - 0x00007ffcd6b63000 	C:\WINDOWS\SYSTEM32\dinput8.dll
0x00007ffce7550000 - 0x00007ffce7560000 	C:\WINDOWS\SYSTEM32\xinput1_4.dll
0x00007ffcec570000 - 0x00007ffcec597000 	C:\WINDOWS\SYSTEM32\DEVOBJ.dll
0x00007ffcea9e0000 - 0x00007ffceaa0a000 	C:\WINDOWS\SYSTEM32\dwmapi.dll
0x00007ffce77a0000 - 0x00007ffce77ce000 	C:\WINDOWS\SYSTEM32\inputhost.dll
0x00007ffce7c60000 - 0x00007ffce7f4e000 	C:\WINDOWS\SYSTEM32\CoreUIComponents.dll
0x00007ffce9d70000 - 0x00007ffce9e4c000 	C:\WINDOWS\SYSTEM32\CoreMessaging.dll
0x00007ffceb890000 - 0x00007ffceb8c1000 	C:\WINDOWS\SYSTEM32\ntmarta.dll
0x00007ffce7f50000 - 0x00007ffce8086000 	C:\WINDOWS\SYSTEM32\wintypes.dll
0x00007ffcee020000 - 0x00007ffcee187000 	C:\WINDOWS\System32\MSCTF.dll
0x00007ffcedc90000 - 0x00007ffcedd55000 	C:\WINDOWS\System32\OLEAUT32.dll
0x00007ffcdf380000 - 0x00007ffcdf429000 	C:\Program Files\Common Files\microsoft shared\ink\tiptsf.dll
0x00007ffceb3d0000 - 0x00007ffceb3dc000 	C:\WINDOWS\SYSTEM32\HID.DLL
0x00007ffcefbe0000 - 0x00007ffcf002e000 	C:\WINDOWS\System32\SETUPAPI.DLL
0x00007ffcecb00000 - 0x00007ffcecb58000 	C:\WINDOWS\System32\WINTRUST.dll
0x00007ffcec760000 - 0x00007ffcec772000 	C:\WINDOWS\System32\MSASN1.dll
0x00007ffcecb60000 - 0x00007ffcecd2e000 	C:\WINDOWS\System32\CRYPT32.dll
0x00007ffce7220000 - 0x00007ffce72b8000 	C:\WINDOWS\System32\TextInputFramework.dll
0x00007ffcca200000 - 0x00007ffcca27d000 	C:\Users\Fynn\AppData\Local\Temp\lwjglFynn\3.1.3-SNAPSHOT\lwjgl_stb.dll
0x00007ffcdaea0000 - 0x00007ffcdaf37000 	C:\WINDOWS\SYSTEM32\mscms.dll
0x00007ffcec660000 - 0x00007ffcec689000 	C:\WINDOWS\SYSTEM32\USERENV.dll
0x00007ffcc8360000 - 0x00007ffcc83a1000 	C:\WINDOWS\SYSTEM32\icm32.dll
0x00007ffcbef30000 - 0x00007ffcbf018000 	C:\WINDOWS\SYSTEM32\vulkan-1.dll
0x00007ffca5c90000 - 0x00007ffca6f08000 	C:\WINDOWS\System32\DriverStore\FileRepository\ki125121.inf_amd64_26ca8ba649abc040\igvk64.dll
0x00007ffcd6490000 - 0x00007ffcd65ae000 	C:\WINDOWS\SYSTEM32\OPENGL32.dll
0x00007ffceb5c0000 - 0x00007ffceb66f000 	C:\WINDOWS\SYSTEM32\dxgi.dll
0x00007ffcdb7c0000 - 0x00007ffcdb7ec000 	C:\WINDOWS\SYSTEM32\GLU32.dll
0x00007ffcacd10000 - 0x00007ffcaceef000 	C:\VulkanSDK\1.0.65.1\Bin\VkLayer_unique_objects.dll
0x00007ffce9020000 - 0x00007ffce9036000 	C:\WINDOWS\SYSTEM32\VCRUNTIME140.dll
0x00007ffce8c60000 - 0x00007ffce8cff000 	C:\WINDOWS\SYSTEM32\MSVCP140.dll
0x00007ffca8de0000 - 0x00007ffca92de000 	C:\VulkanSDK\1.0.65.1\Bin\VkLayer_core_validation.dll
0x00007ffcabb20000 - 0x00007ffcabd2f000 	C:\VulkanSDK\1.0.65.1\Bin\VkLayer_object_tracker.dll
0x00007ffca59b0000 - 0x00007ffca5c81000 	C:\VulkanSDK\1.0.65.1\Bin\VkLayer_parameter_validation.dll
0x00007ffcc5500000 - 0x00007ffcc55b1000 	C:\VulkanSDK\1.0.65.1\Bin\VkLayer_threading.dll
0x00007ffce3380000 - 0x00007ffce4982000 	C:\WINDOWS\System32\DriverStore\FileRepository\ki125121.inf_amd64_26ca8ba649abc040\igc64.dll
0x00007ffceb200000 - 0x00007ffceb3c8000 	C:\WINDOWS\SYSTEM32\dbghelp.dll

VM Arguments:
jvm_args: -Dfile.encoding=Cp1252 
java_command: org.oreon.vk.demo.SimpleVulkanDemo
java_class_path (initial): C:\Users\Fynn\git\OE3\oreonengine\oe-vk-demo\target\classes;C:\Users\Fynn\git\OE3\oreonengine\oe-core\target\classes;C:\Users\Fynn\git\OE3\oreonengine\oe-core-vulkan\target\classes;C:\Users\Fynn\git\OE3\oreonengine\oe-vk-engine\target\classes;C:\Users\Fynn\.m2\repository\org\lwjgl\lwjgl\3.1.3\lwjgl-3.1.3.jar;C:\Users\Fynn\.m2\repository\org\lwjgl\lwjgl-assimp\3.1.3\lwjgl-assimp-3.1.3.jar;C:\Users\Fynn\.m2\repository\org\lwjgl\lwjgl-glfw\3.1.3\lwjgl-glfw-3.1.3.jar;C:\Users\Fynn\.m2\repository\org\lwjgl\lwjgl-jemalloc\3.1.3\lwjgl-jemalloc-3.1.3.jar;C:\Users\Fynn\.m2\repository\org\lwjgl\lwjgl-openal\3.1.3\lwjgl-openal-3.1.3.jar;C:\Users\Fynn\.m2\repository\org\lwjgl\lwjgl-opengl\3.1.3\lwjgl-opengl-3.1.3.jar;C:\Users\Fynn\.m2\repository\org\lwjgl\lwjgl-vulkan\3.1.3\lwjgl-vulkan-3.1.3.jar;C:\Users\Fynn\.m2\repository\org\lwjgl\lwjgl-stb\3.1.3\lwjgl-stb-3.1.3.jar;C:\Users\Fynn\.m2\repository\org\lwjgl\lwjgl\3.1.3\lwjgl-3.1.3-natives-windows.jar;C:\Users\Fynn\.m2\repository\org\lwjgl\lwjgl-assimp\3.1.3\lwjgl-assimp-3.1.3-natives-windows.jar;C:\Users\Fynn\.m2\repository\org\lwjgl\lwjgl-glfw\3.1.3\lwjgl-glfw-3.1.3-natives-windows.jar;C:\Users\Fynn\.m2\repository\org\lwjgl\lwjgl-jemalloc\3.1.3\lwjgl-jemalloc-3.1.3-natives-windows.jar;C:\Users\Fynn\.m2\repository\org\lwjgl\lwjgl-openal\3.1.3\lwjgl-openal-3.1.3-natives-windows.jar;C:\Users\Fynn\.m2\repository\org\lwjgl\lwjgl-opengl\3.1.3\lwjgl-opengl-3.1.3-natives-windows.jar;C:\Users\Fynn\.m2\repository\org\lwjgl\lwjgl-stb\3.1.3\lwjgl-stb-3.1.3-natives-windows.jar;C:\Users\Fynn\.m2\repository\log4j\log4j\1.2.17\log4j-1.2.17.jar;C:\Users\Fynn\.m2\repository\org\projectlombok\lombok\1.16.20\lombok-1.16.20.jar;C:\Users\Fynn\.m2\repository\org\springframework\spring-context\5.0.4.RELEASE\spring-context-5.0.4.RELEASE.jar;C:\Users\Fynn\.m2\repository\org\springframework\spring-aop\5.0.4.RELEASE\spring-aop-5.0.4.RELEASE.jar;C:\Users\Fynn\.m2\repository\org\springframework\spring-beans\5.0.4.RELEASE\sprin
Launcher Type: SUN_STANDARD

Environment Variables:
PATH=C:/Program Files/Java/jre1.8.0_161/bin/server;C:/Program Files/Java/jre1.8.0_161/bin;C:/Program Files/Java/jre1.8.0_161/lib/amd64;C:\VulkanSDK\1.0.65.1\Bin;C:\ProgramData\Oracle\Java\javapath;C:\Program Files (x86)\Intel\iCLS Client\;C:\Program Files\Intel\iCLS Client\;C:\WINDOWS\system32;C:\WINDOWS;C:\WINDOWS\System32\Wbem;C:\WINDOWS\System32\WindowsPowerShell\v1.0\;C:\Program Files (x86)\Intel\Intel(R) Management Engine Components\DAL;C:\Program Files\Intel\Intel(R) Management Engine Components\DAL;C:\Program Files (x86)\Intel\Intel(R) Management Engine Components\IPT;C:\Program Files\Intel\Intel(R) Management Engine Components\IPT;C:\Program Files (x86)\Windows Live\Shared;C:\Program Files\MiKTeX 2.9\miktex\bin\x64\;C:\Program Files\Java\jdk1.8.0_144\jre\bin\;C:\Users\Fynn\AppData\Local\Microsoft\WindowsApps;C:\Users\Fynn\AppData\Local\GitHubDesktop\bin;%USERPROFILE%\AppData\Local\Microsoft\WindowsApps;;C:\Program Files\eclipse;
USERNAME=Fynn
OS=Windows_NT
PROCESSOR_IDENTIFIER=Intel64 Family 6 Model 142 Stepping 9, GenuineIntel



---------------  S Y S T E M  ---------------

OS: Windows 10.0 , 64 bit Build 16299 (10.0.16299.15)

CPU:total 4 (initial active 4) (2 cores per cpu, 2 threads per core) family 6 model 142 stepping 9, cmov, cx8, fxsr, mmx, sse, sse2, sse3, ssse3, sse4.1, sse4.2, popcnt, avx, avx2, aes, clmul, erms, 3dnowpref, lzcnt, ht, tsc, tscinvbit, bmi1, bmi2, adx

Memory: 4k page, physical 8258212k(4121156k free), swap 9568932k(4906700k free)

vm_info: Java HotSpot(TM) 64-Bit Server VM (25.144-b01) for windows-amd64 JRE (1.8.0_144-b01), built on Jul 21 2017 21:57:33 by "java_re" with MS VC++ 10.0 (VS2010)

time: Mon Apr 09 22:03:19 2018
elapsed time: 1 seconds (0d 0h 0m 1s)

